[debug] [2023-02-04T03:40:37.017Z] ----------------------------------------------------------------------
[debug] [2023-02-04T03:40:37.020Z] Command:       C:\Users\buckl\DOWNLO~1\firebase-tools-instant-win.exe C:\Users\buckl\.cache\firebase\tools\lib\node_modules\firebase-tools\lib\bin\firebase init
[debug] [2023-02-04T03:40:37.020Z] CLI Version:   11.22.0
[debug] [2023-02-04T03:40:37.020Z] Platform:      win32
[debug] [2023-02-04T03:40:37.020Z] Node Version:  v16.16.0
[debug] [2023-02-04T03:40:37.021Z] Time:          Fri Feb 03 2023 20:40:37 GMT-0700 (Mountain Standard Time)
[debug] [2023-02-04T03:40:37.022Z] ----------------------------------------------------------------------
[debug] 
[debug] [2023-02-04T03:40:37.029Z] > command requires scopes: ["email","openid","https://www.googleapis.com/auth/cloudplatformprojects.readonly","https://www.googleapis.com/auth/firebase","https://www.googleapis.com/auth/cloud-platform"]
[debug] [2023-02-04T03:40:37.029Z] > authorizing via signed-in user (buckleswatts@gmail.com)
[info] 
     ######## #### ########  ######## ########     ###     ######  ########
     ##        ##  ##     ## ##       ##     ##  ##   ##  ##       ##
     ######    ##  ########  ######   ########  #########  ######  ######
     ##        ##  ##    ##  ##       ##     ## ##     ##       ## ##
     ##       #### ##     ## ######## ########  ##     ##  ######  ########

You're about to initialize a Firebase project in this directory:

  C:\Users\buckl\OneDrive\Desktop\STATE WEBMASTER

[info] 
=== Project Setup
[info] 
[info] First, let's associate this project directory with a Firebase project.
[info] You can create multiple project aliases by running firebase use --add, 
[info] but for now we'll just set up a default project.
[info] 
[debug] [2023-02-04T03:40:40.181Z] >>> [apiv2][query] GET https://firebase.googleapis.com/v1beta1/projects pageSize=100
[debug] [2023-02-04T03:40:40.610Z] <<< [apiv2][status] GET https://firebase.googleapis.com/v1beta1/projects 200
[debug] [2023-02-04T03:40:40.610Z] <<< [apiv2][body] GET https://firebase.googleapis.com/v1beta1/projects [omitted]
[info] i  Using project blastoff-f1db9 (Blastoff) 
[info] 
=== Database Setup
[info] i  database: ensuring required API firebasedatabase.googleapis.com is enabled... 
[debug] [2023-02-04T03:40:41.291Z] >>> [apiv2][query] GET https://serviceusage.googleapis.com/v1/projects/blastoff-f1db9/services/firebasedatabase.googleapis.com [none]
[debug] [2023-02-04T03:40:41.291Z] >>> [apiv2][(partial)header] GET https://serviceusage.googleapis.com/v1/projects/blastoff-f1db9/services/firebasedatabase.googleapis.com x-goog-quota-user=projects/blastoff-f1db9
[debug] [2023-02-04T03:40:41.633Z] <<< [apiv2][status] GET https://serviceusage.googleapis.com/v1/projects/blastoff-f1db9/services/firebasedatabase.googleapis.com 200
[debug] [2023-02-04T03:40:41.633Z] <<< [apiv2][body] GET https://serviceusage.googleapis.com/v1/projects/blastoff-f1db9/services/firebasedatabase.googleapis.com [omitted]
[info] +  database: required API firebasedatabase.googleapis.com is enabled 
[info] 
[debug] [2023-02-04T03:40:41.635Z] >>> [apiv2][query] GET https://firebasedatabase.googleapis.com/v1beta/projects/blastoff-f1db9/locations/-/instances/blastoff-f1db9-default-rtdb [none]
[debug] [2023-02-04T03:40:41.944Z] <<< [apiv2][status] GET https://firebasedatabase.googleapis.com/v1beta/projects/blastoff-f1db9/locations/-/instances/blastoff-f1db9-default-rtdb 200
[debug] [2023-02-04T03:40:41.944Z] <<< [apiv2][body] GET https://firebasedatabase.googleapis.com/v1beta/projects/blastoff-f1db9/locations/-/instances/blastoff-f1db9-default-rtdb {"name":"projects/376551458132/locations/us-central1/instances/blastoff-f1db9-default-rtdb","project":"projects/376551458132","databaseUrl":"https://blastoff-f1db9-default-rtdb.firebaseio.com","type":"DEFAULT_DATABASE","state":"ACTIVE"}
[info] 
[info] Firebase Realtime Database Security Rules allow you to define how your data should be
[info] structured and when your data can be read from and written to.
[info] 
[info] Skipping overwrite of Realtime Database Security Rules.
[info] The security rules defined in database.rules.json will be published when you run firebase deploy.
[info] 
=== Firestore Setup
[debug] [2023-02-04T03:40:44.584Z] >>> [apiv2][query] GET https://serviceusage.googleapis.com/v1/projects/blastoff-f1db9/services/firestore.googleapis.com [none]
[debug] [2023-02-04T03:40:44.584Z] >>> [apiv2][(partial)header] GET https://serviceusage.googleapis.com/v1/projects/blastoff-f1db9/services/firestore.googleapis.com x-goog-quota-user=projects/blastoff-f1db9
[debug] [2023-02-04T03:40:44.949Z] <<< [apiv2][status] GET https://serviceusage.googleapis.com/v1/projects/blastoff-f1db9/services/firestore.googleapis.com 200
[debug] [2023-02-04T03:40:44.949Z] <<< [apiv2][body] GET https://serviceusage.googleapis.com/v1/projects/blastoff-f1db9/services/firestore.googleapis.com [omitted]
[debug] [2023-02-04T03:40:44.949Z] >>> [apiv2][query] GET https://firestore.googleapis.com/v1/projects/blastoff-f1db9/databases/(default) [none]
[debug] [2023-02-04T03:40:45.150Z] <<< [apiv2][status] GET https://firestore.googleapis.com/v1/projects/blastoff-f1db9/databases/(default) 200
[debug] [2023-02-04T03:40:45.150Z] <<< [apiv2][body] GET https://firestore.googleapis.com/v1/projects/blastoff-f1db9/databases/(default) {"name":"projects/blastoff-f1db9/databases/(default)","uid":"d5ea639d-aaf5-4d03-914a-7f649c12c879","createTime":"2023-02-04T03:40:19.293545Z","updateTime":"2023-02-04T03:40:19.293545Z","locationId":"nam5","type":"FIRESTORE_NATIVE","concurrencyMode":"PESSIMISTIC","appEngineIntegrationMode":"DISABLED","keyPrefix":"s","etag":"IJCog4H5+vwCMOnS2fT4+vwC"}
[debug] [2023-02-04T03:40:45.151Z] database_type: FIRESTORE_NATIVE
[debug] [2023-02-04T03:40:45.151Z] > command requires scopes: ["email","openid","https://www.googleapis.com/auth/cloudplatformprojects.readonly","https://www.googleapis.com/auth/firebase","https://www.googleapis.com/auth/cloud-platform"]
[debug] [2023-02-04T03:40:45.152Z] > authorizing via signed-in user (buckleswatts@gmail.com)
[debug] [2023-02-04T03:40:45.152Z] [iam] checking project blastoff-f1db9 for permissions ["firebase.projects.get"]
[debug] [2023-02-04T03:40:45.152Z] >>> [apiv2][query] POST https://cloudresourcemanager.googleapis.com/v1/projects/blastoff-f1db9:testIamPermissions [none]
[debug] [2023-02-04T03:40:45.152Z] >>> [apiv2][(partial)header] POST https://cloudresourcemanager.googleapis.com/v1/projects/blastoff-f1db9:testIamPermissions x-goog-quota-user=projects/blastoff-f1db9
[debug] [2023-02-04T03:40:45.153Z] >>> [apiv2][body] POST https://cloudresourcemanager.googleapis.com/v1/projects/blastoff-f1db9:testIamPermissions {"permissions":["firebase.projects.get"]}
[debug] [2023-02-04T03:40:45.378Z] <<< [apiv2][status] POST https://cloudresourcemanager.googleapis.com/v1/projects/blastoff-f1db9:testIamPermissions 200
[debug] [2023-02-04T03:40:45.379Z] <<< [apiv2][body] POST https://cloudresourcemanager.googleapis.com/v1/projects/blastoff-f1db9:testIamPermissions {"permissions":["firebase.projects.get"]}
[info] 
[info] Firestore Security Rules allow you to define how and when to allow
[info] requests. You can keep these rules in your project directory
[info] and publish them with firebase deploy.
[info] 
[debug] [2023-02-04T03:40:47.248Z] >>> [apiv2][query] GET https://firebaserules.googleapis.com/v1/projects/blastoff-f1db9/releases pageSize=10&pageToken=
[debug] [2023-02-04T03:40:47.430Z] <<< [apiv2][status] GET https://firebaserules.googleapis.com/v1/projects/blastoff-f1db9/releases 200
[debug] [2023-02-04T03:40:47.430Z] <<< [apiv2][body] GET https://firebaserules.googleapis.com/v1/projects/blastoff-f1db9/releases {"releases":[{"name":"projects/blastoff-f1db9/releases/cloud.firestore","rulesetName":"projects/blastoff-f1db9/rulesets/cbc93ed8-578f-4648-ac05-af9133183e0d","createTime":"2023-02-04T03:40:23.418460Z","updateTime":"2023-02-04T03:40:23.418460Z"}]}
[debug] [2023-02-04T03:40:47.431Z] Found ruleset: projects/blastoff-f1db9/rulesets/cbc93ed8-578f-4648-ac05-af9133183e0d
[debug] [2023-02-04T03:40:47.431Z] >>> [apiv2][query] GET https://firebaserules.googleapis.com/v1/projects/blastoff-f1db9/rulesets/cbc93ed8-578f-4648-ac05-af9133183e0d [none]
[debug] [2023-02-04T03:40:47.564Z] <<< [apiv2][status] GET https://firebaserules.googleapis.com/v1/projects/blastoff-f1db9/rulesets/cbc93ed8-578f-4648-ac05-af9133183e0d 200
[debug] [2023-02-04T03:40:47.564Z] <<< [apiv2][body] GET https://firebaserules.googleapis.com/v1/projects/blastoff-f1db9/rulesets/cbc93ed8-578f-4648-ac05-af9133183e0d [omitted]
[info] 
[info] Firestore indexes allow you to perform complex queries while
[info] maintaining performance that scales with the size of the result
[info] set. You can keep index definitions in your project directory
[info] and publish them with firebase deploy.
[info] 
[debug] [2023-02-04T03:40:48.911Z] >>> [apiv2][query] GET https://firestore.googleapis.com/v1/projects/blastoff-f1db9/databases/(default)/collectionGroups/-/indexes [none]
[debug] [2023-02-04T03:40:48.913Z] >>> [apiv2][query] GET https://firestore.googleapis.com/v1/projects/blastoff-f1db9/databases/(default)/collectionGroups/-/fields?filter=indexConfig.usesAncestorConfig=false OR ttlConfig:* [none]
[debug] [2023-02-04T03:40:49.211Z] <<< [apiv2][status] GET https://firestore.googleapis.com/v1/projects/blastoff-f1db9/databases/(default)/collectionGroups/-/indexes 200
[debug] [2023-02-04T03:40:49.211Z] <<< [apiv2][body] GET https://firestore.googleapis.com/v1/projects/blastoff-f1db9/databases/(default)/collectionGroups/-/indexes {}
[debug] [2023-02-04T03:40:49.561Z] <<< [apiv2][status] GET https://firestore.googleapis.com/v1/projects/blastoff-f1db9/databases/(default)/collectionGroups/-/fields?filter=indexConfig.usesAncestorConfig=false OR ttlConfig:* 200
[debug] [2023-02-04T03:40:49.561Z] <<< [apiv2][body] GET https://firestore.googleapis.com/v1/projects/blastoff-f1db9/databases/(default)/collectionGroups/-/fields?filter=indexConfig.usesAncestorConfig=false OR ttlConfig:* {"fields":[{"name":"projects/blastoff-f1db9/databases/(default)/collectionGroups/__default__/fields/*","indexConfig":{"indexes":[{"queryScope":"COLLECTION","fields":[{"fieldPath":"*","order":"ASCENDING"}],"state":"READY"},{"queryScope":"COLLECTION","fields":[{"fieldPath":"*","order":"DESCENDING"}],"state":"READY"},{"queryScope":"COLLECTION","fields":[{"fieldPath":"*","arrayConfig":"CONTAINS"}],"state":"READY"}]}}]}
[info] 
=== Functions Setup
[debug] [2023-02-04T03:40:49.565Z] > command requires scopes: ["email","openid","https://www.googleapis.com/auth/cloudplatformprojects.readonly","https://www.googleapis.com/auth/firebase","https://www.googleapis.com/auth/cloud-platform"]
[debug] [2023-02-04T03:40:49.565Z] > authorizing via signed-in user (buckleswatts@gmail.com)
[debug] [2023-02-04T03:40:49.565Z] [iam] checking project blastoff-f1db9 for permissions ["firebase.projects.get"]
[debug] [2023-02-04T03:40:49.566Z] >>> [apiv2][query] POST https://cloudresourcemanager.googleapis.com/v1/projects/blastoff-f1db9:testIamPermissions [none]
[debug] [2023-02-04T03:40:49.566Z] >>> [apiv2][(partial)header] POST https://cloudresourcemanager.googleapis.com/v1/projects/blastoff-f1db9:testIamPermissions x-goog-quota-user=projects/blastoff-f1db9
[debug] [2023-02-04T03:40:49.566Z] >>> [apiv2][body] POST https://cloudresourcemanager.googleapis.com/v1/projects/blastoff-f1db9:testIamPermissions {"permissions":["firebase.projects.get"]}
[debug] [2023-02-04T03:40:49.827Z] <<< [apiv2][status] POST https://cloudresourcemanager.googleapis.com/v1/projects/blastoff-f1db9:testIamPermissions 200
[debug] [2023-02-04T03:40:49.828Z] <<< [apiv2][body] POST https://cloudresourcemanager.googleapis.com/v1/projects/blastoff-f1db9:testIamPermissions {"permissions":["firebase.projects.get"]}
[debug] [2023-02-04T03:40:49.829Z] >>> [apiv2][query] GET https://serviceusage.googleapis.com/v1/projects/blastoff-f1db9/services/cloudfunctions.googleapis.com [none]
[debug] [2023-02-04T03:40:49.829Z] >>> [apiv2][(partial)header] GET https://serviceusage.googleapis.com/v1/projects/blastoff-f1db9/services/cloudfunctions.googleapis.com x-goog-quota-user=projects/blastoff-f1db9
[debug] [2023-02-04T03:40:49.832Z] >>> [apiv2][query] GET https://serviceusage.googleapis.com/v1/projects/blastoff-f1db9/services/runtimeconfig.googleapis.com [none]
[debug] [2023-02-04T03:40:49.832Z] >>> [apiv2][(partial)header] GET https://serviceusage.googleapis.com/v1/projects/blastoff-f1db9/services/runtimeconfig.googleapis.com x-goog-quota-user=projects/blastoff-f1db9
[debug] [2023-02-04T03:40:50.137Z] <<< [apiv2][status] GET https://serviceusage.googleapis.com/v1/projects/blastoff-f1db9/services/runtimeconfig.googleapis.com 200
[debug] [2023-02-04T03:40:50.137Z] <<< [apiv2][body] GET https://serviceusage.googleapis.com/v1/projects/blastoff-f1db9/services/runtimeconfig.googleapis.com [omitted]
[debug] [2023-02-04T03:40:50.138Z] <<< [apiv2][status] GET https://serviceusage.googleapis.com/v1/projects/blastoff-f1db9/services/cloudfunctions.googleapis.com 200
[debug] [2023-02-04T03:40:50.139Z] <<< [apiv2][body] GET https://serviceusage.googleapis.com/v1/projects/blastoff-f1db9/services/cloudfunctions.googleapis.com [omitted]
[debug] [2023-02-04T03:40:50.139Z] >>> [apiv2][query] POST https://serviceusage.googleapis.com/v1/projects/blastoff-f1db9/services/cloudfunctions.googleapis.com:enable [none]
[debug] [2023-02-04T03:40:50.140Z] >>> [apiv2][(partial)header] POST https://serviceusage.googleapis.com/v1/projects/blastoff-f1db9/services/cloudfunctions.googleapis.com:enable x-goog-quota-user=projects/blastoff-f1db9
[debug] [2023-02-04T03:40:50.602Z] <<< [apiv2][status] POST https://serviceusage.googleapis.com/v1/projects/blastoff-f1db9/services/cloudfunctions.googleapis.com:enable 200
[debug] [2023-02-04T03:40:50.602Z] <<< [apiv2][body] POST https://serviceusage.googleapis.com/v1/projects/blastoff-f1db9/services/cloudfunctions.googleapis.com:enable [omitted]
[debug] [2023-02-04T03:41:00.613Z] >>> [apiv2][query] GET https://serviceusage.googleapis.com/v1/projects/blastoff-f1db9/services/cloudfunctions.googleapis.com [none]
[debug] [2023-02-04T03:41:00.613Z] >>> [apiv2][(partial)header] GET https://serviceusage.googleapis.com/v1/projects/blastoff-f1db9/services/cloudfunctions.googleapis.com x-goog-quota-user=projects/blastoff-f1db9
[debug] [2023-02-04T03:41:00.988Z] <<< [apiv2][status] GET https://serviceusage.googleapis.com/v1/projects/blastoff-f1db9/services/cloudfunctions.googleapis.com 200
[debug] [2023-02-04T03:41:00.989Z] <<< [apiv2][body] GET https://serviceusage.googleapis.com/v1/projects/blastoff-f1db9/services/cloudfunctions.googleapis.com [omitted]
[info] Let's create a new codebase for your functions.
[info] A directory corresponding to the codebase will be created in your project
[info] with sample code pre-configured.

[info] See https://firebase.google.com/docs/functions/organize-functions for
[info] more information on organizing your functions using codebases.

[info] Functions can be deployed with firebase deploy.

[info] +  Wrote functions/package.json 
[info] +  Wrote functions/.eslintrc.js 
[info] +  Wrote functions/index.js 
[info] +  Wrote functions/.gitignore 
[info] 
=== Hosting Setup
[info] 
[info] Your public directory is the folder (relative to your project directory) that
[info] will contain Hosting assets to be uploaded with firebase deploy. If you
[info] have a build process for your assets, use your build's output directory.
[info] 
[info] +  Wrote public/404.html 
[debug] [2023-02-04T03:41:57.862Z] >>> [apiv2][query] GET https://www.gstatic.com/firebasejs/releases.json [none]
[debug] [2023-02-04T03:41:57.992Z] <<< [apiv2][status] GET https://www.gstatic.com/firebasejs/releases.json 200
[debug] [2023-02-04T03:41:57.993Z] <<< [apiv2][body] GET https://www.gstatic.com/firebasejs/releases.json {"current":{"version":"9.17.1","browserURL":"https://www.gstatic.com/firebasejs/9.17.1/firebase.js","packageURL":"https://www.gstatic.com/firebasejs/9.17.1/firebase.tgz"},"live":{"version":"9.17","browserURL":"https://www.gstatic.com/firebasejs/live/9.17/firebase.js","packageURL":"https://www.gstatic.com/firebasejs/live/9.17/firebase.tgz"},"components":{"analytics":"https://www.gstatic.com/firebasejs/9.17.1/firebase-analytics.js","app":"https://www.gstatic.com/firebasejs/9.17.1/firebase-app.js","app-check":"https://www.gstatic.com/firebasejs/9.17.1/firebase-app-check.js","auth":"https://www.gstatic.com/firebasejs/9.17.1/firebase-auth.js","auth/cordova":"https://www.gstatic.com/firebasejs/9.17.1/firebase-auth/cordova.js","auth/react-native":"https://www.gstatic.com/firebasejs/9.17.1/firebase-auth/react-native.js","functions":"https://www.gstatic.com/firebasejs/9.17.1/firebase-functions.js","firestore":"https://www.gstatic.com/firebasejs/9.17.1/firebase-firestore.js","firestore/lite":"https://www.gstatic.com/firebasejs/9.17.1/firebase-firestore/lite.js","installations":"https://www.gstatic.com/firebasejs/9.17.1/firebase-installations.js","storage":"https://www.gstatic.com/firebasejs/9.17.1/firebase-storage.js","performance":"https://www.gstatic.com/firebasejs/9.17.1/firebase-performance.js","remote-config":"https://www.gstatic.com/firebasejs/9.17.1/firebase-remote-config.js","messaging":"https://www.gstatic.com/firebasejs/9.17.1/firebase-messaging.js","messaging/sw":"https://www.gstatic.com/firebasejs/9.17.1/firebase-messaging/sw.js","database":"https://www.gstatic.com/firebasejs/9.17.1/firebase-database.js","firestore.memory":"https://www.gstatic.com/firebasejs/9.17.1/firebase-firestore.memory.js"}}
[info] +  Wrote public/index.html 
[info] 
[info] i  Didn't detect a .git folder. Assuming C:\Users\buckl\OneDrive\Desktop\STATE WEBMASTER is the project root. 
[info] i  Authorizing with GitHub to upload your service account to a GitHub repository's secrets store. 
[info] 
[info] Visit this URL on this device to log in:
[info] https://github.com/login/oauth/authorize?client_id=89cf50f02ac6aaed3484&state=305887507&redirect_uri=http%3A%2F%2Flocalhost%3A9005&scope=read%3Auser%20repo%20public_repo
[info] 
[info] Waiting for authentication...
[debug] [2023-02-04T03:42:44.249Z] >>> [apiv2][query] POST https://github.com/login/oauth/access_token [none]
[debug] [2023-02-04T03:42:44.249Z] >>> [apiv2][body] POST https://github.com/login/oauth/access_token [stream]
[debug] [2023-02-04T03:42:44.557Z] <<< [apiv2][status] POST https://github.com/login/oauth/access_token 200
[debug] [2023-02-04T03:42:44.557Z] <<< [apiv2][body] POST https://github.com/login/oauth/access_token {"access_token":"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","token_type":"bearer","scope":"read:user,repo"}
[debug] [2023-02-04T03:42:44.561Z] >>> [apiv2][query] GET https://api.github.com/user [none]
[debug] [2023-02-04T03:42:44.922Z] <<< [apiv2][status] GET https://api.github.com/user 200
[debug] [2023-02-04T03:42:44.922Z] <<< [apiv2][body] GET https://api.github.com/user {"login":"LaurenWatts16","id":90987956,"node_id":"MDQ6VXNlcjkwOTg3OTU2","avatar_url":"https://avatars.githubusercontent.com/u/90987956?v=4","gravatar_id":"","url":"https://api.github.com/users/LaurenWatts16","html_url":"https://github.com/LaurenWatts16","followers_url":"https://api.github.com/users/LaurenWatts16/followers","following_url":"https://api.github.com/users/LaurenWatts16/following{/other_user}","gists_url":"https://api.github.com/users/LaurenWatts16/gists{/gist_id}","starred_url":"https://api.github.com/users/LaurenWatts16/starred{/owner}{/repo}","subscriptions_url":"https://api.github.com/users/LaurenWatts16/subscriptions","organizations_url":"https://api.github.com/users/LaurenWatts16/orgs","repos_url":"https://api.github.com/users/LaurenWatts16/repos","events_url":"https://api.github.com/users/LaurenWatts16/events{/privacy}","received_events_url":"https://api.github.com/users/LaurenWatts16/received_events","type":"User","site_admin":false,"name":null,"company":null,"blog":"","location":null,"email":null,"hireable":null,"bio":null,"twitter_username":null,"public_repos":0,"public_gists":0,"followers":0,"following":0,"created_at":"2021-09-18T21:01:07Z","updated_at":"2023-01-18T20:09:11Z","private_gists":0,"total_private_repos":3,"owned_private_repos":3,"disk_usage":4682,"collaborators":0,"two_factor_authentication":false,"plan":{"name":"free","space":976562499,"collaborators":0,"private_repos":10000}}
[info] 
[info] +  Success! Logged into GitHub as LaurenWatts16 
[info] 
